[2024-05-17 13:43:17][ DEBUG][Main:11] Probando Logger
[2024-05-20 17:29:11][ ERROR][EmpleadoServiceTest:29] IO Exception: "java.nio.file.NoSuchFileException: create.sql"; "create.sql"
IO Exception: "java.nio.file.NoSuchFileException: create.sql"; "create.sql"; SQL statement:
RUNSCRIPT FROM 'create.sql' [90031-224]
[2024-05-20 17:32:13][ ERROR][EmpleadoServiceTest:29] IO Exception: "java.nio.file.NoSuchFileException: create.sql"; "create.sql"
IO Exception: "java.nio.file.NoSuchFileException: create.sql"; "create.sql"; SQL statement:
RUNSCRIPT FROM 'create.sql' [90031-224]
[2024-05-20 17:39:09][ ERROR][EmpleadoServiceTest:29] La base de datos puede que ya esté siendo utilizada: "C:/Users/dalia.barranco/parcial.mv.db". Soluciones Posibles: cierre todas las otras conexiones; use el modo server
Database may be already in use: "C:/Users/dalia.barranco/parcial.mv.db". Possible solutions: close all other connection(s); use the server mode [90020-224]
[2024-05-20 17:39:46][ ERROR][EmpleadoServiceTest:29] La base de datos puede que ya esté siendo utilizada: "C:/Users/dalia.barranco/parcial.mv.db". Soluciones Posibles: cierre todas las otras conexiones; use el modo server
Database may be already in use: "C:/Users/dalia.barranco/parcial.mv.db". Possible solutions: close all other connection(s); use the server mode [90020-224]
[2024-05-20 17:41:08][ ERROR][EmpleadoServiceTest:29] La base de datos puede que ya esté siendo utilizada: "C:/Users/dalia.barranco/parcial.mv.db". Soluciones Posibles: cierre todas las otras conexiones; use el modo server
Database may be already in use: "C:/Users/dalia.barranco/parcial.mv.db". Possible solutions: close all other connection(s); use the server mode [90020-224]
[2024-05-20 17:43:50][ ERROR][EmpleadoServiceTest:29] La base de datos puede que ya esté siendo utilizada: "C:/Users/dalia.barranco/parcial.mv.db". Soluciones Posibles: cierre todas las otras conexiones; use el modo server
Database may be already in use: "C:/Users/dalia.barranco/parcial.mv.db". Possible solutions: close all other connection(s); use the server mode [90020-224]
[2024-05-20 17:44:40][ ERROR][EmpleadoServiceTest:29] La base de datos puede que ya esté siendo utilizada: "C:/Users/dalia.barranco/parcial.mv.db". Soluciones Posibles: cierre todas las otras conexiones; use el modo server
Database may be already in use: "C:/Users/dalia.barranco/parcial.mv.db". Possible solutions: close all other connection(s); use the server mode [90020-224]
[2024-05-20 17:45:41][ ERROR][EmpleadoServiceTest:29] IO Exception: "java.nio.file.NoSuchFileException: create.sql"; "create.sql"
IO Exception: "java.nio.file.NoSuchFileException: create.sql"; "create.sql"; SQL statement:
RUNSCRIPT FROM 'create.sql' [90031-224]
[2024-05-20 17:46:31][ INFO ][EmpleadoDaoH2:37] Empleado persistido Empleado{id=1, apellido='Aldo', nombre='Fefo', dni='43434', fechaNacimiento=2024-04-22}
[2024-05-21 13:37:21][ INFO ][EmpleadoDaoH2:38] Empleado persistido Empleado{id=1, apellido='Aldo', nombre='Fefo', dni='43434', fechaNacimiento=2024-04-22}
[2024-05-21 13:54:00][ INFO ][EmpleadoDaoH2:38] Empleado persistido Empleado{id=1, apellido='Cosme', nombre='Manganito', dni='443', fechaNacimiento=2024-12-13}
[2024-05-21 13:54:00][ INFO ][EmpleadoDaoH2:38] Empleado persistido Empleado{id=2, apellido='Aldo', nombre='Fefo', dni='43434', fechaNacimiento=2024-04-22}
[2024-05-21 13:54:00][ INFO ][EmpleadoDaoH2:96] odontologo encontrado Empleado{id=1, apellido='Cosme', nombre='Manganito', dni='443', fechaNacimiento=2024-12-13}
[2024-05-21 14:02:19][ INFO ][EmpleadoDaoH2:39] Empleado persistido Empleado{id=1, apellido='Cosme', nombre='Manganito', dni='443', fechaNacimiento=2024-12-13}
[2024-05-21 14:02:20][ INFO ][EmpleadoDaoH2:140] Empleado listado Empleado{id=1, apellido='Cosme', nombre='Manganito', dni='443', fechaNacimiento=2024-12-13}
[2024-05-21 14:02:59][ INFO ][EmpleadoDaoH2:39] Empleado persistido Empleado{id=1, apellido='Cosme', nombre='Manganito', dni='443', fechaNacimiento=2024-12-13}
[2024-05-21 14:02:59][ INFO ][EmpleadoDaoH2:140] Empleado listado Empleado{id=1, apellido='Cosme', nombre='Manganito', dni='443', fechaNacimiento=2024-12-13}
[2024-05-21 14:02:59][ INFO ][EmpleadoDaoH2:39] Empleado persistido Empleado{id=2, apellido='Aldo', nombre='Fefo', dni='43434', fechaNacimiento=2024-04-22}
[2024-05-21 14:02:59][ INFO ][EmpleadoDaoH2:97] odontologo encontrado Empleado{id=1, apellido='Cosme', nombre='Manganito', dni='443', fechaNacimiento=2024-12-13}
[2024-05-21 14:04:17][ INFO ][EmpleadoDaoH2:39] Empleado persistido Empleado{id=1, apellido='Cosme', nombre='Manganito', dni='443', fechaNacimiento=2024-12-13}
[2024-05-21 14:04:17][ INFO ][EmpleadoDaoH2:140] Empleado listado Empleado{id=1, apellido='Cosme', nombre='Manganito', dni='443', fechaNacimiento=2024-12-13}
[2024-05-21 14:40:34][ INFO ][EmpleadoDaoH2:41] Empleado persistido Empleado{id=1, apellido='Cosme', nombre='Manganito', dni='443', fechaNacimiento=2024-12-13}
[2024-05-21 14:40:34][ INFO ][EmpleadoDaoH2:41] Empleado persistido Empleado{id=2, apellido='Politan', nombre='Manganita', dni='44443', fechaNacimiento=2020-12-13}
[2024-05-21 14:40:34][ INFO ][EmpleadoDaoH2:142] Empleado listado Empleado{id=1, apellido='Cosme', nombre='Manganito', dni='443', fechaNacimiento=2024-12-13}
[2024-05-21 14:40:34][ INFO ][EmpleadoDaoH2:142] Empleado listado Empleado{id=2, apellido='Politan', nombre='Manganita', dni='44443', fechaNacimiento=2020-12-13}
[2024-05-21 14:40:34][ INFO ][EmpleadoDaoH2:99] odontologo encontrado Empleado{id=2, apellido='Politan', nombre='Manganita', dni='44443', fechaNacimiento=2020-12-13}
[2024-05-21 14:40:34][ INFO ][EmpleadoDaoH2:198] Error de Sintaxis en sentencia SQL "DELETE [*]* FROM EMPLEADOS WHERE ID=?"; se esperaba "identifier"
Syntax error in SQL statement "DELETE [*]* FROM EMPLEADOS WHERE ID=?"; expected "identifier"; SQL statement:
DELETE * FROM EMPLEADOS WHERE ID=? [42001-224]
[2024-05-21 14:43:44][ INFO ][EmpleadoDaoH2:41] Empleado persistido Empleado{id=1, apellido='Cosme', nombre='Manganito', dni='443', fechaNacimiento=2024-12-13}
[2024-05-21 14:43:44][ INFO ][EmpleadoDaoH2:41] Empleado persistido Empleado{id=2, apellido='Politan', nombre='Manganita', dni='44443', fechaNacimiento=2020-12-13}
[2024-05-21 14:43:44][ INFO ][EmpleadoDaoH2:142] Empleado listado Empleado{id=1, apellido='Cosme', nombre='Manganito', dni='443', fechaNacimiento=2024-12-13}
[2024-05-21 14:43:44][ INFO ][EmpleadoDaoH2:142] Empleado listado Empleado{id=2, apellido='Politan', nombre='Manganita', dni='44443', fechaNacimiento=2020-12-13}
[2024-05-21 14:43:44][ INFO ][EmpleadoDaoH2:99] odontologo encontrado Empleado{id=2, apellido='Politan', nombre='Manganita', dni='44443', fechaNacimiento=2020-12-13}
[2024-05-21 14:43:44][ INFO ][EmpleadoDaoH2:180] Empleado borrado Empleado{id=2, apellido='Politan', nombre='Manganita', dni='44443', fechaNacimiento=2020-12-13}
[2024-05-21 14:43:44][ INFO ][EmpleadoDaoH2:41] Empleado persistido Empleado{id=3, apellido='Cosme', nombre='Manganito', dni='443', fechaNacimiento=2024-12-13}
[2024-05-21 14:43:45][ INFO ][EmpleadoDaoH2:142] Empleado listado Empleado{id=1, apellido='Cosme', nombre='Manganito', dni='443', fechaNacimiento=2024-12-13}
[2024-05-21 14:43:45][ INFO ][EmpleadoDaoH2:142] Empleado listado Empleado{id=3, apellido='Cosme', nombre='Manganito', dni='443', fechaNacimiento=2024-12-13}
[2024-05-21 14:43:45][ INFO ][EmpleadoDaoH2:41] Empleado persistido Empleado{id=4, apellido='Aldo', nombre='Fefo', dni='43434', fechaNacimiento=2024-04-22}
[2024-05-21 14:43:45][ INFO ][EmpleadoDaoH2:99] odontologo encontrado Empleado{id=1, apellido='Cosme', nombre='Manganito', dni='443', fechaNacimiento=2024-12-13}
[2024-05-21 14:46:24][ INFO ][EmpleadoDaoH2:41] Empleado persistido Empleado{id=1, apellido='Cosme', nombre='Manganito', dni='443', fechaNacimiento=2024-12-13}
[2024-05-21 14:46:24][ INFO ][EmpleadoDaoH2:41] Empleado persistido Empleado{id=2, apellido='Politan', nombre='Manganita', dni='44443', fechaNacimiento=2020-12-13}
[2024-05-21 14:46:25][ INFO ][EmpleadoDaoH2:99] odontologo encontrado Empleado{id=2, apellido='Politan', nombre='Manganita', dni='44443', fechaNacimiento=2020-12-13}
[2024-05-21 14:46:25][ INFO ][EmpleadoDaoH2:180] Empleado borrado Empleado{id=2, apellido='Politan', nombre='Manganita', dni='44443', fechaNacimiento=2020-12-13}
[2024-05-21 14:46:25][ INFO ][EmpleadoDaoH2:142] Empleado listado Empleado{id=1, apellido='Cosme', nombre='Manganito', dni='443', fechaNacimiento=2024-12-13}
[2024-05-21 15:48:49][ INFO ][EmpleadoDaoH2:43] Empleado persistido Empleado{id=1, apellido='Cosme', nombre='Manganito', dni='443', fechaNacimiento=2024-12-13}
[2024-05-21 15:48:49][ INFO ][EmpleadoDaoH2:43] Empleado persistido Empleado{id=2, apellido='Politan', nombre='Manganita', dni='44443', fechaNacimiento=2020-12-13}
[2024-05-21 15:48:49][ INFO ][EmpleadoDaoH2:101] odontologo encontrado Empleado{id=1, apellido='Cosme', nombre='Manganito', dni='443', fechaNacimiento=2024-12-13}
[2024-05-21 15:48:49][ INFO ][EmpleadoDaoH2:236] Empleado actualizado Empleado{id=1, apellido='Cosme', nombre='Manganito', dni='443', fechaNacimiento=2024-12-13}
[2024-05-21 15:48:50][ INFO ][EmpleadoDaoH2:101] odontologo encontrado Empleado{id=1, apellido='Paco', nombre='Manganita', dni='44443', fechaNacimiento=2020-12-13}
[2024-05-21 15:50:51][ INFO ][EmpleadoDaoH2:43] Empleado persistido Empleado{id=1, apellido='Cosme', nombre='Manganito', dni='443', fechaNacimiento=2024-12-13}
[2024-05-21 15:50:51][ INFO ][EmpleadoDaoH2:43] Empleado persistido Empleado{id=2, apellido='Politan', nombre='Manganita', dni='44443', fechaNacimiento=2020-12-13}
[2024-05-21 15:50:51][ INFO ][EmpleadoDaoH2:101] odontologo encontrado Empleado{id=1, apellido='Cosme', nombre='Manganito', dni='443', fechaNacimiento=2024-12-13}
[2024-05-21 15:50:51][ INFO ][EmpleadoDaoH2:251] Empleado actualizado null
[2024-05-21 15:50:51][ INFO ][EmpleadoDaoH2:101] odontologo encontrado Empleado{id=1, apellido='Paco', nombre='Manganita', dni='44443', fechaNacimiento=2020-12-13}
[2024-05-21 15:52:48][ INFO ][EmpleadoDaoH2:43] Empleado persistido Empleado{id=1, apellido='Cosme', nombre='Manganito', dni='443', fechaNacimiento=2024-12-13}
[2024-05-21 15:52:48][ INFO ][EmpleadoDaoH2:43] Empleado persistido Empleado{id=2, apellido='Politan', nombre='Manganita', dni='44443', fechaNacimiento=2020-12-13}
[2024-05-21 15:52:48][ INFO ][EmpleadoDaoH2:101] odontologo encontrado Empleado{id=1, apellido='Cosme', nombre='Manganito', dni='443', fechaNacimiento=2024-12-13}
[2024-05-21 15:52:48][ INFO ][EmpleadoDaoH2:101] odontologo encontrado Empleado{id=1, apellido='Cosme', nombre='Manganito', dni='443', fechaNacimiento=2024-12-13}
[2024-05-21 15:54:00][ INFO ][EmpleadoDaoH2:43] Empleado persistido Empleado{id=1, apellido='Cosme', nombre='Manganito', dni='443', fechaNacimiento=2024-12-13}
[2024-05-21 15:54:00][ INFO ][EmpleadoDaoH2:43] Empleado persistido Empleado{id=2, apellido='Politan', nombre='Manganita', dni='44443', fechaNacimiento=2020-12-13}
[2024-05-21 15:54:00][ INFO ][EmpleadoDaoH2:101] odontologo encontrado Empleado{id=1, apellido='Cosme', nombre='Manganito', dni='443', fechaNacimiento=2024-12-13}
[2024-05-21 15:54:00][ INFO ][EmpleadoDaoH2:101] odontologo encontrado Empleado{id=1, apellido='Paco', nombre='Manganita', dni='44443', fechaNacimiento=2020-12-13}
[2024-05-21 15:55:38][ INFO ][EmpleadoDaoH2:43] Empleado persistido Empleado{id=1, apellido='Cosme', nombre='Manganito', dni='443', fechaNacimiento=2024-12-13}
[2024-05-21 15:55:38][ INFO ][EmpleadoDaoH2:43] Empleado persistido Empleado{id=2, apellido='Politan', nombre='Manganita', dni='44443', fechaNacimiento=2020-12-13}
[2024-05-21 15:55:38][ INFO ][EmpleadoDaoH2:101] odontologo encontrado Empleado{id=1, apellido='Cosme', nombre='Manganito', dni='443', fechaNacimiento=2024-12-13}
[2024-05-21 15:55:38][ INFO ][EmpleadoDaoH2:270] Valor Invalido "2" para el parametro "columnIndex"
Invalid value "2" for parameter "columnIndex" [90008-224]
[2024-05-21 15:55:38][ INFO ][EmpleadoDaoH2:101] odontologo encontrado Empleado{id=1, apellido='Cosme', nombre='Manganito', dni='443', fechaNacimiento=2024-12-13}
[2024-05-21 16:05:45][ INFO ][EmpleadoDaoH2:43] Empleado persistido Empleado{id=1, apellido='Cosme', nombre='Manganito', dni='443', fechaNacimiento=2024-12-13}
[2024-05-21 16:05:45][ INFO ][EmpleadoDaoH2:43] Empleado persistido Empleado{id=2, apellido='Politan', nombre='Manganita', dni='44443', fechaNacimiento=2020-12-13}
[2024-05-21 16:05:45][ INFO ][EmpleadoDaoH2:270] Valor Invalido "2" para el parametro "columnIndex"
Invalid value "2" for parameter "columnIndex" [90008-224]
[2024-05-21 16:05:45][ INFO ][EmpleadoDaoH2:101] odontologo encontrado Empleado{id=1, apellido='Cosme', nombre='Manganito', dni='443', fechaNacimiento=2024-12-13}
[2024-05-21 16:26:39][ INFO ][EmpleadoDaoH2:43] Empleado persistido Empleado{id=1, apellido='Cosme', nombre='Manganito', dni='443', fechaNacimiento=2024-12-13}
[2024-05-21 16:26:39][ INFO ][EmpleadoDaoH2:43] Empleado persistido Empleado{id=2, apellido='Politan', nombre='Manganita', dni='44443', fechaNacimiento=2020-12-13}
[2024-05-21 16:26:39][ INFO ][EmpleadoDaoH2:237] Result Set rs2: org.h2.result.LocalResult@2a3888c1 columns: 1 rows: 1 pos: 0
[2024-05-21 16:26:39][ INFO ][EmpleadoDaoH2:270] Valor Invalido "2" para el parametro "columnIndex"
Invalid value "2" for parameter "columnIndex" [90008-224]
[2024-05-21 16:26:39][ INFO ][EmpleadoDaoH2:101] odontologo encontrado Empleado{id=1, apellido='Cosme', nombre='Manganito', dni='443', fechaNacimiento=2024-12-13}
[2024-05-21 16:32:43][ INFO ][EmpleadoDaoH2:43] Empleado persistido Empleado{id=1, apellido='Cosme', nombre='Manganito', dni='443', fechaNacimiento=2024-12-13}
[2024-05-21 16:32:44][ INFO ][EmpleadoDaoH2:43] Empleado persistido Empleado{id=2, apellido='Politan', nombre='Manganita', dni='44443', fechaNacimiento=2020-12-13}
[2024-05-21 16:32:44][ INFO ][EmpleadoDaoH2:237] Result Set rs2: org.h2.result.LocalResult@2a3888c1 columns: 1 rows: 1 pos: 0
[2024-05-21 16:32:44][ INFO ][EmpleadoDaoH2:248] Empleado actualizado Empleado{id=1, apellido='Paco', nombre='Manganita', dni='44443', fechaNacimiento=2020-12-13}
[2024-05-21 16:32:44][ INFO ][EmpleadoDaoH2:101] odontologo encontrado Empleado{id=1, apellido='Paco', nombre='Manganita', dni='44443', fechaNacimiento=2020-12-13}
[2024-05-21 16:41:31][ INFO ][EmpleadoDaoH2:43] Empleado persistido Empleado{id=1, apellido='Cosme', nombre='Manganito', dni='443', fechaNacimiento=2024-12-13}
[2024-05-21 16:41:32][ INFO ][EmpleadoDaoH2:43] Empleado persistido Empleado{id=2, apellido='Politan', nombre='Manganita', dni='44443', fechaNacimiento=2020-12-13}
[2024-05-21 16:41:32][ INFO ][EmpleadoDaoH2:237] Result Set rs2: org.h2.result.LocalResult@6986852 columns: 1 rows: 1 pos: 0
[2024-05-21 16:41:32][ INFO ][EmpleadoDaoH2:244] Empleado actualizado Empleado{id=1, apellido='Paco', nombre='Manganita', dni='44443', fechaNacimiento=2020-12-13}
[2024-05-21 16:41:32][ INFO ][EmpleadoDaoH2:101] odontologo encontrado Empleado{id=1, apellido='Paco', nombre='Manganita', dni='44443', fechaNacimiento=2020-12-13}
[2024-05-21 16:41:32][ INFO ][EmpleadoDaoH2:43] Empleado persistido Empleado{id=3, apellido='Cosme', nombre='Manganito', dni='443', fechaNacimiento=2024-12-13}
[2024-05-21 16:41:32][ INFO ][EmpleadoDaoH2:43] Empleado persistido Empleado{id=4, apellido='Politan', nombre='Manganita', dni='44443', fechaNacimiento=2020-12-13}
[2024-05-21 16:41:32][ INFO ][EmpleadoDaoH2:101] odontologo encontrado Empleado{id=2, apellido='Politan', nombre='Manganita', dni='44443', fechaNacimiento=2020-12-13}
[2024-05-21 16:41:32][ INFO ][EmpleadoDaoH2:182] Empleado borrado Empleado{id=2, apellido='Politan', nombre='Manganita', dni='44443', fechaNacimiento=2020-12-13}
[2024-05-21 16:41:32][ INFO ][EmpleadoDaoH2:144] Empleado listado Empleado{id=1, apellido='Paco', nombre='Manganita', dni='44443', fechaNacimiento=2020-12-13}
[2024-05-21 16:41:32][ INFO ][EmpleadoDaoH2:144] Empleado listado Empleado{id=3, apellido='Cosme', nombre='Manganito', dni='443', fechaNacimiento=2024-12-13}
[2024-05-21 16:41:32][ INFO ][EmpleadoDaoH2:144] Empleado listado Empleado{id=4, apellido='Politan', nombre='Manganita', dni='44443', fechaNacimiento=2020-12-13}
[2024-05-21 16:41:33][ INFO ][EmpleadoDaoH2:43] Empleado persistido Empleado{id=5, apellido='Cosme', nombre='Manganito', dni='443', fechaNacimiento=2024-12-13}
[2024-05-21 16:41:33][ INFO ][EmpleadoDaoH2:144] Empleado listado Empleado{id=1, apellido='Paco', nombre='Manganita', dni='44443', fechaNacimiento=2020-12-13}
[2024-05-21 16:41:33][ INFO ][EmpleadoDaoH2:144] Empleado listado Empleado{id=3, apellido='Cosme', nombre='Manganito', dni='443', fechaNacimiento=2024-12-13}
[2024-05-21 16:41:33][ INFO ][EmpleadoDaoH2:144] Empleado listado Empleado{id=4, apellido='Politan', nombre='Manganita', dni='44443', fechaNacimiento=2020-12-13}
[2024-05-21 16:41:33][ INFO ][EmpleadoDaoH2:144] Empleado listado Empleado{id=5, apellido='Cosme', nombre='Manganito', dni='443', fechaNacimiento=2024-12-13}
[2024-05-21 16:41:33][ INFO ][EmpleadoDaoH2:43] Empleado persistido Empleado{id=6, apellido='Aldo', nombre='Fefo', dni='43434', fechaNacimiento=2024-04-22}
[2024-05-21 16:41:33][ INFO ][EmpleadoDaoH2:101] odontologo encontrado Empleado{id=1, apellido='Paco', nombre='Manganita', dni='44443', fechaNacimiento=2020-12-13}
[2024-05-21 18:49:54][ ERROR][OdontologoServiceTest:32] Error de Sintaxis en sentencia SQL "\000d\000aCREATE TABLE ODONTOLOGOS(\000d\000aID INT AUTO_INCREMENT PRIMARY KEY,\000d\000aNOMBRE VARCHAR(50) NOT NULL,\000d\000aAPELLIDO VARCHAR(50) NOT NULL,\000d\000aMATRICULA VARCHAR(50) NOT NULL,\000d\000a[*]"; se esperaba "identifier"
Syntax error in SQL statement "\000d\000aCREATE TABLE ODONTOLOGOS(\000d\000aID INT AUTO_INCREMENT PRIMARY KEY,\000d\000aNOMBRE VARCHAR(50) NOT NULL,\000d\000aAPELLIDO VARCHAR(50) NOT NULL,\000d\000aMATRICULA VARCHAR(50) NOT NULL,\000d\000a[*]"; expected "identifier"; SQL statement:

CREATE TABLE ODONTOLOGOS(
ID INT AUTO_INCREMENT PRIMARY KEY,
NOMBRE VARCHAR(50) NOT NULL,
APELLIDO VARCHAR(50) NOT NULL,
MATRICULA VARCHAR(50) NOT NULL,
 [42001-224]
[2024-05-21 18:51:48][ ERROR][OdontologoServiceTest:32] Error de Sintaxis en sentencia SQL "\000d\000aCREATE TABLE ODONTOLOGOS(\000d\000aID INT AUTO_INCREMENT PRIMARY KEY,\000d\000aNOMBRE VARCHAR(50) NOT NULL,\000d\000aAPELLIDO VARCHAR(50) NOT NULL,\000d\000aMATRICULA VARCHAR(50) NOT NULL,\000d\000a[*]"; se esperaba "identifier"
Syntax error in SQL statement "\000d\000aCREATE TABLE ODONTOLOGOS(\000d\000aID INT AUTO_INCREMENT PRIMARY KEY,\000d\000aNOMBRE VARCHAR(50) NOT NULL,\000d\000aAPELLIDO VARCHAR(50) NOT NULL,\000d\000aMATRICULA VARCHAR(50) NOT NULL,\000d\000a[*]"; expected "identifier"; SQL statement:

CREATE TABLE ODONTOLOGOS(
ID INT AUTO_INCREMENT PRIMARY KEY,
NOMBRE VARCHAR(50) NOT NULL,
APELLIDO VARCHAR(50) NOT NULL,
MATRICULA VARCHAR(50) NOT NULL,
 [42001-224]
[2024-05-21 18:52:18][ INFO ][OdontologoDaoH2:38] Odontologo persistido Odontologo{id=1, nombre='Alex', apellido='Manganito', numeroMatricula='443'}
[2024-05-21 18:52:18][ INFO ][OdontologoDaoH2:96] Odontologo listado Odontologo{id=1, nombre='Alex', apellido='Manganito', numeroMatricula='443'}
[2024-05-21 19:16:26][ INFO ][OdontologoEnMemoria:19] Odontologo agregado Odontologo{id=1, nombre='Cosme', apellido='Menganito', numeroMatricula='456464'}
[2024-05-21 19:16:26][ INFO ][OdontologoEnMemoria:19] Odontologo agregado Odontologo{id=2, nombre='Alex', apellido='Manganito', numeroMatricula='443'}
[2024-05-21 19:16:26][ INFO ][OdontologoEnMemoria:19] Odontologo agregado Odontologo{id=3, nombre='Emma', apellido='Manganito', numeroMatricula='443'}
[2024-05-21 19:16:26][ INFO ][OdontologoEnMemoria:19] Odontologo agregado Odontologo{id=4, nombre='Abner', apellido='Manganito', numeroMatricula='443'}
[2024-05-21 19:16:26][ INFO ][OdontologoEnMemoria:28] Odontologo Odontologo{id=1, nombre='Cosme', apellido='Menganito', numeroMatricula='456464'}
[2024-05-21 19:16:26][ INFO ][OdontologoEnMemoria:28] Odontologo Odontologo{id=2, nombre='Alex', apellido='Manganito', numeroMatricula='443'}
[2024-05-21 19:16:26][ INFO ][OdontologoEnMemoria:28] Odontologo Odontologo{id=3, nombre='Emma', apellido='Manganito', numeroMatricula='443'}
[2024-05-21 19:16:26][ INFO ][OdontologoEnMemoria:28] Odontologo Odontologo{id=4, nombre='Abner', apellido='Manganito', numeroMatricula='443'}
[2024-05-21 19:17:07][ INFO ][OdontologoEnMemoria:19] Odontologo agregado Odontologo{id=1, nombre='Alex', apellido='Manganito', numeroMatricula='443'}
[2024-05-21 19:17:07][ INFO ][OdontologoEnMemoria:19] Odontologo agregado Odontologo{id=2, nombre='Emma', apellido='Manganito', numeroMatricula='443'}
[2024-05-21 19:17:07][ INFO ][OdontologoEnMemoria:19] Odontologo agregado Odontologo{id=3, nombre='Abner', apellido='Manganito', numeroMatricula='443'}
[2024-05-21 19:17:07][ INFO ][OdontologoEnMemoria:28] Odontologo Odontologo{id=1, nombre='Alex', apellido='Manganito', numeroMatricula='443'}
[2024-05-21 19:17:07][ INFO ][OdontologoEnMemoria:28] Odontologo Odontologo{id=2, nombre='Emma', apellido='Manganito', numeroMatricula='443'}
[2024-05-21 19:17:07][ INFO ][OdontologoEnMemoria:28] Odontologo Odontologo{id=3, nombre='Abner', apellido='Manganito', numeroMatricula='443'}
